d:\ddingho\api_project\apiproject\x64\debug\vc143.pdb
d:\ddingho\api_project\apiproject\x64\debug\vc143.idb
d:\ddingho\api_project\apiproject\x64\debug\fade.obj
d:\ddingho\api_project\apiproject\x64\debug\excstate.obj
d:\ddingho\api_project\apiproject\x64\debug\excdashstate.obj
d:\ddingho\api_project\apiproject\x64\debug\enemyobject.obj
d:\ddingho\api_project\apiproject\x64\debug\edgecollider.obj
d:\ddingho\api_project\apiproject\x64\debug\core.obj
d:\ddingho\api_project\apiproject\x64\debug\component.obj
d:\ddingho\api_project\apiproject\x64\debug\collisionmanager.obj
d:\ddingho\api_project\apiproject\x64\debug\collision.obj
d:\ddingho\api_project\apiproject\x64\debug\collider.obj
d:\ddingho\api_project\apiproject\x64\debug\climbingstate.obj
d:\ddingho\api_project\apiproject\x64\debug\chargedashstate.obj
d:\ddingho\api_project\apiproject\x64\debug\chargedashattackstate.obj
d:\ddingho\api_project\apiproject\x64\debug\camera.obj
d:\ddingho\api_project\apiproject\x64\debug\boxcollider.obj
d:\ddingho\api_project\apiproject\x64\debug\bitmapmanager.obj
d:\ddingho\api_project\apiproject\x64\debug\bitmap.obj
d:\ddingho\api_project\apiproject\x64\debug\apiproject.obj
d:\ddingho\api_project\apiproject\x64\debug\animatormanager.obj
d:\ddingho\api_project\apiproject\x64\debug\animator.obj
d:\ddingho\api_project\apiproject\x64\debug\majorbossroombg.obj
d:\ddingho\api_project\apiproject\x64\debug\keymanager.obj
d:\ddingho\api_project\apiproject\x64\debug\jumpstate.obj
d:\ddingho\api_project\apiproject\x64\debug\imagemanager.obj
d:\ddingho\api_project\apiproject\x64\debug\image.obj
d:\ddingho\api_project\apiproject\x64\debug\idlestate.obj
d:\ddingho\api_project\apiproject\x64\debug\grabobject.obj
d:\ddingho\api_project\apiproject\x64\debug\grab.obj
d:\ddingho\api_project\apiproject\x64\debug\gameobjectmanager.obj
d:\ddingho\api_project\apiproject\x64\debug\gameobject.obj
d:\ddingho\api_project\apiproject\x64\debug\firebirdwing.obj
d:\ddingho\api_project\apiproject\x64\debug\firebirdscene.obj
d:\ddingho\api_project\apiproject\x64\debug\firebirdplatformobj.obj
d:\ddingho\api_project\apiproject\x64\debug\firebirdplatform.obj
d:\ddingho\api_project\apiproject\x64\debug\firebirdobj.obj
d:\ddingho\api_project\apiproject\x64\debug\firebirdmanager.obj
d:\ddingho\api_project\apiproject\x64\debug\firebirdbgobject.obj
d:\ddingho\api_project\apiproject\x64\debug\firebirdbgmid02object.obj
d:\ddingho\api_project\apiproject\x64\debug\firebirdbgmid01object.obj
d:\ddingho\api_project\apiproject\x64\debug\firebird.obj
d:\ddingho\api_project\apiproject\x64\debug\statemachine.obj
d:\ddingho\api_project\apiproject\x64\debug\state.obj
d:\ddingho\api_project\apiproject\x64\debug\spriterenderer.obj
d:\ddingho\api_project\apiproject\x64\debug\scrollbgobject.obj
d:\ddingho\api_project\apiproject\x64\debug\scrollbg.obj
d:\ddingho\api_project\apiproject\x64\debug\scenemanager.obj
d:\ddingho\api_project\apiproject\x64\debug\scene.obj
d:\ddingho\api_project\apiproject\x64\debug\runstate.obj
d:\ddingho\api_project\apiproject\x64\debug\rigidbody.obj
d:\ddingho\api_project\apiproject\x64\debug\rendermanager.obj
d:\ddingho\api_project\apiproject\x64\debug\playerobject.obj
d:\ddingho\api_project\apiproject\x64\debug\player.obj
d:\ddingho\api_project\apiproject\x64\debug\platformobject.obj
d:\ddingho\api_project\apiproject\x64\debug\platform.obj
d:\ddingho\api_project\apiproject\x64\debug\physicsmanager.obj
d:\ddingho\api_project\apiproject\x64\debug\monobehaviourmanager.obj
d:\ddingho\api_project\apiproject\x64\debug\monobehaviour.obj
d:\ddingho\api_project\apiproject\x64\debug\majorbossroomscene.obj
d:\ddingho\api_project\apiproject\x64\debug\majorbossroomfront.obj
d:\ddingho\api_project\apiproject\x64\debug\majorbossroomclockidle.obj
d:\ddingho\api_project\apiproject\x64\debug\wingobj.obj
d:\ddingho\api_project\apiproject\x64\debug\titlescene.obj
d:\ddingho\api_project\apiproject\x64\debug\timemanager.obj
d:\ddingho\api_project\apiproject\x64\debug\swingstate.obj
d:\ddingho\api_project\apiproject\x64\debug\swingjumpstate.obj
d:\ddingho\api_project\apiproject\x64\debug\effect.obj
d:\ddingho\api_project\apiproject\x64\debug\firebirdbomb.obj
d:\ddingho\api_project\apiproject\x64\debug\firebirdbombobj.obj
d:\ddingho\api_project\apiproject\x64\debug\effectobj.obj
d:\ddingho\api_project\apiproject\x64\debug\firebirdaimobj.obj
d:\ddingho\api_project\apiproject\x64\debug\firebirdaim.obj
d:\ddingho\api_project\apiproject\x64\debug\firebirdbodyvfxobj.obj
d:\ddingho\api_project\apiproject\x64\debug\firebirdbodyvfx.obj
d:\ddingho\api_project\apiproject\x64\debug\firebirdclusteraimobj.obj
d:\ddingho\api_project\apiproject\x64\debug\firebirdclusteraim.obj
d:\ddingho\api_project\apiproject\x64\debug\jusinlogo.obj
d:\ddingho\api_project\apiproject\x64\debug\jusinlogoobj.obj
d:\ddingho\api_project\apiproject\x64\debug\blackbgobj.obj
d:\ddingho\api_project\apiproject\x64\debug\maintitlebgobj.obj
d:\ddingho\api_project\apiproject\x64\debug\maintitlebg.obj
d:\ddingho\api_project\apiproject\x64\debug\mainscenebgobj.obj
d:\ddingho\api_project\apiproject\x64\debug\mainscenebg.obj
d:\ddingho\api_project\apiproject\x64\debug\mouseobj.obj
d:\ddingho\api_project\apiproject\x64\debug\mouse.obj
d:\ddingho\api_project\apiproject\x64\debug\maintitlebutton.obj
d:\ddingho\api_project\apiproject\x64\debug\maintitlebuttonobj.obj
d:\ddingho\api_project\apiproject\x64\debug\snblogoobj.obj
d:\ddingho\api_project\apiproject\x64\debug\snblogo.obj
d:\ddingho\api_project\apiproject\x64\debug\fadeobj.obj
d:\ddingho\api_project\apiproject\x64\debug\renderer.obj
d:\ddingho\api_project\apiproject\x64\debug\textrenderer.obj
d:\ddingho\api_project\apiproject\x64\debug\afterimageeffect.obj
d:\ddingho\api_project\apiproject\x64\debug\apiproject.pch
d:\ddingho\api_project\apiproject\x64\debug\pch.obj
d:\ddingho\api_project\apiproject\x64\debug\soundmgr.obj
c:\apiproject\api_project\apiproject\x64\debug\apiproject.pch
c:\apiproject\api_project\apiproject\x64\debug\vc143.pdb
c:\apiproject\api_project\apiproject\x64\debug\vc143.idb
c:\apiproject\api_project\apiproject\x64\debug\pch.obj
c:\apiproject\api_project\apiproject\x64\debug\collision.obj
c:\apiproject\api_project\apiproject\x64\debug\collider.obj
c:\apiproject\api_project\apiproject\x64\debug\climbingstate.obj
c:\apiproject\api_project\apiproject\x64\debug\chargedashstate.obj
c:\apiproject\api_project\apiproject\x64\debug\chargedashattackstate.obj
c:\apiproject\api_project\apiproject\x64\debug\chargeaimobj.obj
c:\apiproject\api_project\apiproject\x64\debug\chargeaim.obj
c:\apiproject\api_project\apiproject\x64\debug\ceilingstate.obj
c:\apiproject\api_project\apiproject\x64\debug\camera.obj
c:\apiproject\api_project\apiproject\x64\debug\bubbleright.obj
c:\apiproject\api_project\apiproject\x64\debug\bubbleobj.obj
c:\apiproject\api_project\apiproject\x64\debug\bubbleleft.obj
c:\apiproject\api_project\apiproject\x64\debug\bubble.obj
c:\apiproject\api_project\apiproject\x64\debug\boxcollider.obj
c:\apiproject\api_project\apiproject\x64\debug\blackbgobj.obj
c:\apiproject\api_project\apiproject\x64\debug\bitmapmanager.obj
c:\apiproject\api_project\apiproject\x64\debug\bitmap.obj
c:\apiproject\api_project\apiproject\x64\debug\apiproject.obj
c:\apiproject\api_project\apiproject\x64\debug\animatormanager.obj
c:\apiproject\api_project\apiproject\x64\debug\animator.obj
c:\apiproject\api_project\apiproject\x64\debug\firebirdbodyvfx.obj
c:\apiproject\api_project\apiproject\x64\debug\firebirdbgobject.obj
c:\apiproject\api_project\apiproject\x64\debug\firebirdbgmid02object.obj
c:\apiproject\api_project\apiproject\x64\debug\firebirdbgmid01object.obj
c:\apiproject\api_project\apiproject\x64\debug\firebirdaimobj.obj
c:\apiproject\api_project\apiproject\x64\debug\firebirdaim.obj
c:\apiproject\api_project\apiproject\x64\debug\firebird.obj
c:\apiproject\api_project\apiproject\x64\debug\fadeobj.obj
c:\apiproject\api_project\apiproject\x64\debug\fade.obj
c:\apiproject\api_project\apiproject\x64\debug\excstate.obj
c:\apiproject\api_project\apiproject\x64\debug\excdashstate.obj
c:\apiproject\api_project\apiproject\x64\debug\excattackstate.obj
c:\apiproject\api_project\apiproject\x64\debug\enemyobject.obj
c:\apiproject\api_project\apiproject\x64\debug\enemy.obj
c:\apiproject\api_project\apiproject\x64\debug\effectobj.obj
c:\apiproject\api_project\apiproject\x64\debug\effect.obj
c:\apiproject\api_project\apiproject\x64\debug\edgecollider.obj
c:\apiproject\api_project\apiproject\x64\debug\core.obj
c:\apiproject\api_project\apiproject\x64\debug\component.obj
c:\apiproject\api_project\apiproject\x64\debug\collisionmanager.obj
c:\apiproject\api_project\apiproject\x64\debug\image.obj
c:\apiproject\api_project\apiproject\x64\debug\idlestate.obj
c:\apiproject\api_project\apiproject\x64\debug\grabobject.obj
c:\apiproject\api_project\apiproject\x64\debug\grab.obj
c:\apiproject\api_project\apiproject\x64\debug\gameobjectmanager.obj
c:\apiproject\api_project\apiproject\x64\debug\gameobject.obj
c:\apiproject\api_project\apiproject\x64\debug\floatingbombobj.obj
c:\apiproject\api_project\apiproject\x64\debug\floatingbomb.obj
c:\apiproject\api_project\apiproject\x64\debug\firebirdwing.obj
c:\apiproject\api_project\apiproject\x64\debug\firebirdscene.obj
c:\apiproject\api_project\apiproject\x64\debug\firebirdplatformobj.obj
c:\apiproject\api_project\apiproject\x64\debug\firebirdplatform.obj
c:\apiproject\api_project\apiproject\x64\debug\firebirdobj.obj
c:\apiproject\api_project\apiproject\x64\debug\firebirdmanagerobj.obj
c:\apiproject\api_project\apiproject\x64\debug\firebirdmanager.obj
c:\apiproject\api_project\apiproject\x64\debug\firebirdclusteraimobj.obj
c:\apiproject\api_project\apiproject\x64\debug\firebirdclusteraim.obj
c:\apiproject\api_project\apiproject\x64\debug\firebirdbombobj.obj
c:\apiproject\api_project\apiproject\x64\debug\firebirdbomb.obj
c:\apiproject\api_project\apiproject\x64\debug\firebirdbodyvfxobj.obj
c:\apiproject\api_project\apiproject\x64\debug\physicsmanager.obj
c:\apiproject\api_project\apiproject\x64\debug\mouseobj.obj
c:\apiproject\api_project\apiproject\x64\debug\mouse.obj
c:\apiproject\api_project\apiproject\x64\debug\monobehaviourmanager.obj
c:\apiproject\api_project\apiproject\x64\debug\monobehaviour.obj
c:\apiproject\api_project\apiproject\x64\debug\majorbossroomscene.obj
c:\apiproject\api_project\apiproject\x64\debug\majorbossroomfront.obj
c:\apiproject\api_project\apiproject\x64\debug\majorbossroomclockidle.obj
c:\apiproject\api_project\apiproject\x64\debug\majorbossroombg.obj
c:\apiproject\api_project\apiproject\x64\debug\maintitlebuttonobj.obj
c:\apiproject\api_project\apiproject\x64\debug\maintitlebutton.obj
c:\apiproject\api_project\apiproject\x64\debug\maintitlebgobj.obj
c:\apiproject\api_project\apiproject\x64\debug\maintitlebg.obj
c:\apiproject\api_project\apiproject\x64\debug\mainscenebgobj.obj
c:\apiproject\api_project\apiproject\x64\debug\mainscenebg.obj
c:\apiproject\api_project\apiproject\x64\debug\keymanager.obj
c:\apiproject\api_project\apiproject\x64\debug\jusinlogoobj.obj
c:\apiproject\api_project\apiproject\x64\debug\jusinlogo.obj
c:\apiproject\api_project\apiproject\x64\debug\jumpstate.obj
c:\apiproject\api_project\apiproject\x64\debug\imagemanager.obj
c:\apiproject\api_project\apiproject\x64\debug\scenemanager.obj
c:\apiproject\api_project\apiproject\x64\debug\scene.obj
c:\apiproject\api_project\apiproject\x64\debug\runstate.obj
c:\apiproject\api_project\apiproject\x64\debug\rigidbody.obj
c:\apiproject\api_project\apiproject\x64\debug\rendermanager.obj
c:\apiproject\api_project\apiproject\x64\debug\renderer.obj
c:\apiproject\api_project\apiproject\x64\debug\prologueskyobj.obj
c:\apiproject\api_project\apiproject\x64\debug\prologuesky.obj
c:\apiproject\api_project\apiproject\x64\debug\prologuescene.obj
c:\apiproject\api_project\apiproject\x64\debug\prologuemapobj.obj
c:\apiproject\api_project\apiproject\x64\debug\prologuecloudobj.obj
c:\apiproject\api_project\apiproject\x64\debug\prologuecloud.obj
c:\apiproject\api_project\apiproject\x64\debug\prlgmgr.obj
c:\apiproject\api_project\apiproject\x64\debug\prlg.obj
c:\apiproject\api_project\apiproject\x64\debug\potalobj.obj
c:\apiproject\api_project\apiproject\x64\debug\potal.obj
c:\apiproject\api_project\apiproject\x64\debug\playerobject.obj
c:\apiproject\api_project\apiproject\x64\debug\player.obj
c:\apiproject\api_project\apiproject\x64\debug\platformobject.obj
c:\apiproject\api_project\apiproject\x64\debug\platform.obj
c:\apiproject\api_project\apiproject\x64\debug\wingobj.obj
c:\apiproject\api_project\apiproject\x64\debug\tutoobj.obj
c:\apiproject\api_project\apiproject\x64\debug\tuto.obj
c:\apiproject\api_project\apiproject\x64\debug\titlescene.obj
c:\apiproject\api_project\apiproject\x64\debug\timemanager.obj
c:\apiproject\api_project\apiproject\x64\debug\textrenderer.obj
c:\apiproject\api_project\apiproject\x64\debug\swingstate.obj
c:\apiproject\api_project\apiproject\x64\debug\swingjumpstate.obj
c:\apiproject\api_project\apiproject\x64\debug\statemachine.obj
c:\apiproject\api_project\apiproject\x64\debug\state.obj
c:\apiproject\api_project\apiproject\x64\debug\spriterenderer.obj
c:\apiproject\api_project\apiproject\x64\debug\snblogoobj.obj
c:\apiproject\api_project\apiproject\x64\debug\snblogo.obj
c:\apiproject\api_project\apiproject\x64\debug\snbdummyobj.obj
c:\apiproject\api_project\apiproject\x64\debug\snbdummy.obj
c:\apiproject\api_project\apiproject\x64\debug\scrollbgobject.obj
c:\apiproject\api_project\apiproject\x64\debug\scrollbg.obj
c:\apiproject\api_project\apiproject\x64\debug\soundmgr.obj
d:\ddingho\api_project\x64\debug\apiproject.exe
d:\ddingho\api_project\x64\debug\apiproject.pdb
d:\ddingho\api_project\apiproject\x64\debug\apiproject.res
c:\apiproject\api_project\apiproject\x64\debug\apiproject.res
d:\ddingho\api_project\apiproject\x64\debug\apiproject.ilk
c:\apiproject\api_project\apiproject\x64\debug\clip.obj
c:\apiproject\api_project\apiproject\x64\debug\line.obj
c:\apiproject\api_project\apiproject\x64\debug\ray.obj
c:\apiproject\api_project\x64\debug\apiproject.pdb
c:\apiproject\api_project\apiproject\x64\debug\apiproject.tlog\cl.command.1.tlog
c:\apiproject\api_project\apiproject\x64\debug\apiproject.tlog\cl.items.tlog
c:\apiproject\api_project\apiproject\x64\debug\apiproject.tlog\cl.read.1.tlog
c:\apiproject\api_project\apiproject\x64\debug\apiproject.tlog\cl.write.1.tlog
c:\apiproject\api_project\apiproject\x64\debug\apiproject.tlog\link.537996-cvtres.read.1.tlog
c:\apiproject\api_project\apiproject\x64\debug\apiproject.tlog\link.537996-cvtres.write.1.tlog
c:\apiproject\api_project\apiproject\x64\debug\apiproject.tlog\link.537996-rc.read.1.tlog
c:\apiproject\api_project\apiproject\x64\debug\apiproject.tlog\link.537996-rc.write.1.tlog
c:\apiproject\api_project\apiproject\x64\debug\apiproject.tlog\link.537996.read.1.tlog
c:\apiproject\api_project\apiproject\x64\debug\apiproject.tlog\link.537996.read.2.tlog
c:\apiproject\api_project\apiproject\x64\debug\apiproject.tlog\link.537996.read.3.tlog
c:\apiproject\api_project\apiproject\x64\debug\apiproject.tlog\link.537996.read.4.tlog
c:\apiproject\api_project\apiproject\x64\debug\apiproject.tlog\link.537996.read.5.tlog
c:\apiproject\api_project\apiproject\x64\debug\apiproject.tlog\link.537996.read.6.tlog
c:\apiproject\api_project\apiproject\x64\debug\apiproject.tlog\link.537996.write.1.tlog
c:\apiproject\api_project\apiproject\x64\debug\apiproject.tlog\link.command.1.tlog
c:\apiproject\api_project\apiproject\x64\debug\apiproject.tlog\link.read.1.tlog
c:\apiproject\api_project\apiproject\x64\debug\apiproject.tlog\link.read.2.tlog
c:\apiproject\api_project\apiproject\x64\debug\apiproject.tlog\link.secondary.1.tlog
c:\apiproject\api_project\apiproject\x64\debug\apiproject.tlog\link.write.1.tlog
c:\apiproject\api_project\apiproject\x64\debug\apiproject.tlog\rc.command.1.tlog
c:\apiproject\api_project\apiproject\x64\debug\apiproject.tlog\rc.read.1.tlog
c:\apiproject\api_project\apiproject\x64\debug\apiproject.tlog\rc.write.1.tlog
