  pch.cpp
  Animator.cpp
  AnimatorManager.cpp
  APIProject.cpp
  Bitmap.cpp
  BitMapManager.cpp
  BlackBGObj.cpp
  BoxCollider.cpp
  Bubble.cpp
  BubbleLeft.cpp
  BubbleObj.cpp
  BubbleRight.cpp
  Camera.cpp
  CeilingState.cpp
  ChargeAim.cpp
  ChargeAimObj.cpp
  ChargeDashAttackState.cpp
  ChargeDashState.cpp
  ClimbingState.cpp
  Collider.cpp
  Collision.cpp
  코드를 생성하고 있습니다...
  컴파일하고 있습니다...
  CollisionManager.cpp
  Component.cpp
  Core.cpp
  EdgeCollider.cpp
  Effect.cpp
  EffectObj.cpp
  Enemy.cpp
  EnemyObject.cpp
  ExcAttackState.cpp
C:\APIProject\API_Project\APIProject\GameObject.h(39,48): warning C4244: '인수': '_Ty'에서 'float'(으)로 변환하면서 데이터가 손실될 수 있습니다.
C:\APIProject\API_Project\APIProject\GameObject.h(39,48): warning C4244:         with
C:\APIProject\API_Project\APIProject\GameObject.h(39,48): warning C4244:         [
C:\APIProject\API_Project\APIProject\GameObject.h(39,48): warning C4244:             _Ty=int
C:\APIProject\API_Project\APIProject\GameObject.h(39,48): warning C4244:         ]
  (소스 파일 '/EnemyObject.cpp'을(를) 컴파일하는 중)
      C:\APIProject\API_Project\APIProject\GameObject.h(39,48):
      템플릿 인스턴스화 컨텍스트(가장 오래된 인스턴스화 컨텍스트)가
          C:\APIProject\API_Project\APIProject\EnemyObject.cpp(11,2):
          컴파일되는 함수 템플릿 인스턴스화 'T *GameObject::AddComponent<Rigidbody,int,bool,int,int,BodyType>(int &&,bool &&,int &&,int &&,BodyType &&)'에 대한 참조를 확인하세요.
          with
          [
              T=Rigidbody
          ]
  
  ExcDashState.cpp
  ExcState.cpp
  Fade.cpp
  FadeObj.cpp
  FireBird.cpp
  FireBirdAim.cpp
  FireBirdAimObj.cpp
C:\APIProject\API_Project\APIProject\GameObject.h(39,48): warning C4244: '인수': '_Ty'에서 'float'(으)로 변환하면서 데이터가 손실될 수 있습니다.
C:\APIProject\API_Project\APIProject\GameObject.h(39,48): warning C4244:         with
C:\APIProject\API_Project\APIProject\GameObject.h(39,48): warning C4244:         [
C:\APIProject\API_Project\APIProject\GameObject.h(39,48): warning C4244:             _Ty=int
C:\APIProject\API_Project\APIProject\GameObject.h(39,48): warning C4244:         ]
  (소스 파일 '/FireBirdAimObj.cpp'을(를) 컴파일하는 중)
      C:\APIProject\API_Project\APIProject\GameObject.h(39,48):
      템플릿 인스턴스화 컨텍스트(가장 오래된 인스턴스화 컨텍스트)가
          C:\APIProject\API_Project\APIProject\FireBirdAimObj.cpp(18,2):
          컴파일되는 함수 템플릿 인스턴스화 'T *GameObject::AddComponent<Rigidbody,int,bool,float,int,BodyType>(int &&,bool &&,float &&,int &&,BodyType &&)'에 대한 참조를 확인하세요.
          with
          [
              T=Rigidbody
          ]
  
  FireBirdBGMid01Object.cpp
  FireBirdBGMid02Object.cpp
  FireBirdBGObject.cpp
  FireBirdBodyVFX.cpp
  코드를 생성하고 있습니다...
  컴파일하고 있습니다...
  FireBirdBodyVFXObj.cpp
  FireBirdBomb.cpp
  FireBirdBombObj.cpp
C:\APIProject\API_Project\APIProject\GameObject.h(39,48): warning C4244: '인수': '_Ty'에서 'float'(으)로 변환하면서 데이터가 손실될 수 있습니다.
C:\APIProject\API_Project\APIProject\GameObject.h(39,48): warning C4244:         with
C:\APIProject\API_Project\APIProject\GameObject.h(39,48): warning C4244:         [
C:\APIProject\API_Project\APIProject\GameObject.h(39,48): warning C4244:             _Ty=int
C:\APIProject\API_Project\APIProject\GameObject.h(39,48): warning C4244:         ]
  (소스 파일 '/FireBirdBombObj.cpp'을(를) 컴파일하는 중)
      C:\APIProject\API_Project\APIProject\GameObject.h(39,48):
      템플릿 인스턴스화 컨텍스트(가장 오래된 인스턴스화 컨텍스트)가
          C:\APIProject\API_Project\APIProject\FireBirdBombObj.cpp(16,2):
          컴파일되는 함수 템플릿 인스턴스화 'T *GameObject::AddComponent<Rigidbody,int,bool,int,int,BodyType>(int &&,bool &&,int &&,int &&,BodyType &&)'에 대한 참조를 확인하세요.
          with
          [
              T=Rigidbody
          ]
  
  FireBirdClusterAim.cpp
  FireBirdClusterAimObj.cpp
C:\APIProject\API_Project\APIProject\GameObject.h(39,48): warning C4244: '인수': '_Ty'에서 'float'(으)로 변환하면서 데이터가 손실될 수 있습니다.
C:\APIProject\API_Project\APIProject\GameObject.h(39,48): warning C4244:         with
C:\APIProject\API_Project\APIProject\GameObject.h(39,48): warning C4244:         [
C:\APIProject\API_Project\APIProject\GameObject.h(39,48): warning C4244:             _Ty=int
C:\APIProject\API_Project\APIProject\GameObject.h(39,48): warning C4244:         ]
  (소스 파일 '/FireBirdClusterAimObj.cpp'을(를) 컴파일하는 중)
      C:\APIProject\API_Project\APIProject\GameObject.h(39,48):
      템플릿 인스턴스화 컨텍스트(가장 오래된 인스턴스화 컨텍스트)가
          C:\APIProject\API_Project\APIProject\FireBirdClusterAimObj.cpp(18,2):
          컴파일되는 함수 템플릿 인스턴스화 'T *GameObject::AddComponent<Rigidbody,int,bool,float,int,BodyType>(int &&,bool &&,float &&,int &&,BodyType &&)'에 대한 참조를 확인하세요.
          with
          [
              T=Rigidbody
          ]
  
  FireBirdManager.cpp
  FireBirdManagerObj.cpp
  FireBirdObj.cpp
C:\APIProject\API_Project\APIProject\GameObject.h(39,48): warning C4244: '인수': '_Ty'에서 'float'(으)로 변환하면서 데이터가 손실될 수 있습니다.
C:\APIProject\API_Project\APIProject\GameObject.h(39,48): warning C4244:         with
C:\APIProject\API_Project\APIProject\GameObject.h(39,48): warning C4244:         [
C:\APIProject\API_Project\APIProject\GameObject.h(39,48): warning C4244:             _Ty=int
C:\APIProject\API_Project\APIProject\GameObject.h(39,48): warning C4244:         ]
  (소스 파일 '/FireBirdObj.cpp'을(를) 컴파일하는 중)
      C:\APIProject\API_Project\APIProject\GameObject.h(39,48):
      템플릿 인스턴스화 컨텍스트(가장 오래된 인스턴스화 컨텍스트)가
          C:\APIProject\API_Project\APIProject\FireBirdObj.cpp(56,2):
          컴파일되는 함수 템플릿 인스턴스화 'T *GameObject::AddComponent<Rigidbody,int,bool,float,int,BodyType>(int &&,bool &&,float &&,int &&,BodyType &&)'에 대한 참조를 확인하세요.
          with
          [
              T=Rigidbody
          ]
  
  FireBirdPlatform.cpp
  FireBirdPlatformObj.cpp
C:\APIProject\API_Project\APIProject\GameObject.h(39,48): warning C4244: '인수': '_Ty'에서 'float'(으)로 변환하면서 데이터가 손실될 수 있습니다.
C:\APIProject\API_Project\APIProject\GameObject.h(39,48): warning C4244:         with
C:\APIProject\API_Project\APIProject\GameObject.h(39,48): warning C4244:         [
C:\APIProject\API_Project\APIProject\GameObject.h(39,48): warning C4244:             _Ty=int
C:\APIProject\API_Project\APIProject\GameObject.h(39,48): warning C4244:         ]
  (소스 파일 '/FireBirdPlatformObj.cpp'을(를) 컴파일하는 중)
      C:\APIProject\API_Project\APIProject\GameObject.h(39,48):
      템플릿 인스턴스화 컨텍스트(가장 오래된 인스턴스화 컨텍스트)가
          C:\APIProject\API_Project\APIProject\FireBirdPlatformObj.cpp(24,2):
          컴파일되는 함수 템플릿 인스턴스화 'T *GameObject::AddComponent<Rigidbody,int,bool,float,int,BodyType>(int &&,bool &&,float &&,int &&,BodyType &&)'에 대한 참조를 확인하세요.
          with
          [
              T=Rigidbody
          ]
  
  FireBirdScene.cpp
  FireBirdWing.cpp
  FloatingBomb.cpp
  FloatingBombObj.cpp
C:\APIProject\API_Project\APIProject\GameObject.h(39,48): warning C4244: '인수': '_Ty'에서 'float'(으)로 변환하면서 데이터가 손실될 수 있습니다.
C:\APIProject\API_Project\APIProject\GameObject.h(39,48): warning C4244:         with
C:\APIProject\API_Project\APIProject\GameObject.h(39,48): warning C4244:         [
C:\APIProject\API_Project\APIProject\GameObject.h(39,48): warning C4244:             _Ty=int
C:\APIProject\API_Project\APIProject\GameObject.h(39,48): warning C4244:         ]
  (소스 파일 '/FloatingBombObj.cpp'을(를) 컴파일하는 중)
      C:\APIProject\API_Project\APIProject\GameObject.h(39,48):
      템플릿 인스턴스화 컨텍스트(가장 오래된 인스턴스화 컨텍스트)가
          C:\APIProject\API_Project\APIProject\FloatingBombObj.cpp(22,2):
          컴파일되는 함수 템플릿 인스턴스화 'T *GameObject::AddComponent<Rigidbody,int,bool,int,int,BodyType>(int &&,bool &&,int &&,int &&,BodyType &&)'에 대한 참조를 확인하세요.
          with
          [
              T=Rigidbody
          ]
  
  GameObject.cpp
  GameObjectManager.cpp
  Grab.cpp
  GrabObject.cpp
  IdleState.cpp
  Image.cpp
  코드를 생성하고 있습니다...
  컴파일하고 있습니다...
  ImageManager.cpp
  JumpState.cpp
  JusinLogo.cpp
  JusinLogoObj.cpp
C:\APIProject\API_Project\APIProject\GameObject.h(39,48): warning C4244: '인수': '_Ty'에서 'float'(으)로 변환하면서 데이터가 손실될 수 있습니다.
C:\APIProject\API_Project\APIProject\GameObject.h(39,48): warning C4244:         with
C:\APIProject\API_Project\APIProject\GameObject.h(39,48): warning C4244:         [
C:\APIProject\API_Project\APIProject\GameObject.h(39,48): warning C4244:             _Ty=int
C:\APIProject\API_Project\APIProject\GameObject.h(39,48): warning C4244:         ]
  (소스 파일 '/JusinLogoObj.cpp'을(를) 컴파일하는 중)
      C:\APIProject\API_Project\APIProject\GameObject.h(39,48):
      템플릿 인스턴스화 컨텍스트(가장 오래된 인스턴스화 컨텍스트)가
          C:\APIProject\API_Project\APIProject\JusinLogoObj.cpp(11,2):
          컴파일되는 함수 템플릿 인스턴스화 'T *GameObject::AddComponent<SpriteRenderer,ID2D1Bitmap*,int,int,int>(ID2D1Bitmap *&&,int &&,int &&,int &&)'에 대한 참조를 확인하세요.
          with
          [
              T=SpriteRenderer
          ]
  
  KeyManager.cpp
  MainSceneBG.cpp
  MainSceneBGObj.cpp
  MainTitleBG.cpp
  MainTitleBGObj.cpp
  MainTitleButton.cpp
  MainTitleButtonObj.cpp
  MajorBossRoomBG.cpp
  MajorBossRoomClockIdle.cpp
  MajorBossRoomFront.cpp
  MajorBossRoomScene.cpp
  MonoBehaviour.cpp
  MonoBehaviourManager.cpp
  Mouse.cpp
  MouseObj.cpp
  PhysicsManager.cpp
  코드를 생성하고 있습니다...
  컴파일하고 있습니다...
  Platform.cpp
  PlatformObject.cpp
  Player.cpp
  PlayerObject.cpp
C:\APIProject\API_Project\APIProject\GameObject.h(39,48): warning C4244: '인수': '_Ty'에서 'float'(으)로 변환하면서 데이터가 손실될 수 있습니다.
C:\APIProject\API_Project\APIProject\GameObject.h(39,48): warning C4244:         with
C:\APIProject\API_Project\APIProject\GameObject.h(39,48): warning C4244:         [
C:\APIProject\API_Project\APIProject\GameObject.h(39,48): warning C4244:             _Ty=int
C:\APIProject\API_Project\APIProject\GameObject.h(39,48): warning C4244:         ]
  (소스 파일 '/PlayerObject.cpp'을(를) 컴파일하는 중)
      C:\APIProject\API_Project\APIProject\GameObject.h(39,48):
      템플릿 인스턴스화 컨텍스트(가장 오래된 인스턴스화 컨텍스트)가
          C:\APIProject\API_Project\APIProject\PlayerObject.cpp(15,2):
          컴파일되는 함수 템플릿 인스턴스화 'T *GameObject::AddComponent<Rigidbody,int,bool,int,int,BodyType>(int &&,bool &&,int &&,int &&,BodyType &&)'에 대한 참조를 확인하세요.
          with
          [
              T=Rigidbody
          ]
  
  Potal.cpp
  PotalObj.cpp
  PRLG.cpp
  PRLGMgr.cpp
  PrologueCloud.cpp
  PrologueCloudObj.cpp
  PrologueMapObj.cpp
  PrologueScene.cpp
  PrologueSky.cpp
  PrologueSkyObj.cpp
  Renderer.cpp
  RenderManager.cpp
  Rigidbody.cpp
  RunState.cpp
  Scene.cpp
  SceneManager.cpp
  코드를 생성하고 있습니다...
  컴파일하고 있습니다...
  ScrollBG.cpp
  ScrollBGObject.cpp
  SNBDummy.cpp
  SNBDummyObj.cpp
  SNBLogo.cpp
  SNBLogoObj.cpp
  SoundMgr.cpp
  SpriteRenderer.cpp
  State.cpp
  StateMachine.cpp
  SwingJumpState.cpp
  SwingState.cpp
  TextRenderer.cpp
  TimeManager.cpp
  TitleScene.cpp
  Tuto.cpp
  TutoObj.cpp
  WingObj.cpp
  코드를 생성하고 있습니다...
  APIProject.vcxproj -> C:\APIProject\API_Project\Debug\APIProject.exe
